Warning found:
in module Incentknow.Organisms.BoxView
at src/Incentknow/Organisms/BoxView.purs:64:1 - 64:116 (line 64, column 1 - line 64, column 116)

  Type variable s is ambiguous, since it is unused in the polymorphic type which introduces it.

in type declaration for handleAction

See https://github.com/purescript/documentation/blob/master/errors/UnusedTypeVar.md for more information,
or to contribute content related to this warning.


Error found:
in module Incentknow.Organisms.BoxView
at src/Incentknow/Organisms/BoxView.purs:61:11 - 61:52 (line 61, column 11 - line 61, column 52)

  Could not match type

    ()

  with type

    ( format :: { createdAt :: Number
                , creatorUser :: { createdAt :: Number
                                 , displayId :: UserDisplayId
                                 , displayName :: String
                                 , iconUrl :: Maybe String
                                 , userId :: UserId
                                 }
                , currentStructure :: { createdAt :: Number
                                      , properties :: Array ...
                                      , structureId :: StructureId
                                      , title :: Maybe String
                                      , version :: Number
                                      }
                , description :: String
                , displayId :: FormatDisplayId
                , displayName :: String
                , fontawesome :: Maybe String
                , formatId :: FormatId
                , relations :: Array
                                 { contentCount :: Number
                                 , formatId :: FormatId
                                 , property :: ...
                                 }
                , semanticId :: Maybe String
                , space :: { createdAt :: Number
                           , defaultAuthority :: SpaceAuth
                           , description :: String
                           , displayId :: SpaceDisplayId
                           , displayName :: String
                           , homeUrl :: Maybe String
                           , membershipMethod :: MembershipMethod
                           , published :: Boolean
                           , spaceId :: SpaceId
                           }
                , updatedAt :: Number
                , updaterUser :: { createdAt :: Number
                                 , displayId :: UserDisplayId
                                 , displayName :: String
                                 , iconUrl :: Maybe String
                                 , userId :: UserId
                                 }
                , usage :: FormatUsage
                }
    | t1
    )


while trying to match type ()
  with type ( format :: t0
            | t1
            )
while checking that expression { format: item.format
                               , value: item.data
                               }
  has type { content :: { contentId :: ContentId
                        , createdAt :: Number
                        , creatorUser :: { createdAt :: Number
                                         , displayId :: UserDisplayId
                                         , displayName :: String
                                         , iconUrl :: Maybe String
                                         , userId :: UserId
                                         }
                        , data :: Json
                        , draft :: Maybe
                                     { basedCommitId :: ...
                                     , changeType :: ContentChangeType
                                     , contentId :: ...
                                     , createdAt :: Number
                                     , data :: Json
                                     , draftId :: ContentDraftId
                                     , format :: ...
                                     , isEditing :: Boolean
                                     , updatedAt :: Number
                                     }
                        , format :: { createdAt :: Number
                                    , creatorUser :: { createdAt :: Number
                                                     , displayId :: UserDisplayId
                                                     , displayName :: String
                                                     , iconUrl :: ...
                                                     , userId :: UserId
                                                     }
                                    , currentStructure :: { createdAt :: Number
                                                          , properties :: ...
                                                          , structureId :: StructureId
                                                          , title :: ...
                                                          , version :: Number
                                                          }
                                    , description :: String
                                    , displayId :: FormatDisplayId
                                    , displayName :: String
                                    , fontawesome :: Maybe String
                                    , formatId :: FormatId
                                    , relations :: Array ...
                                    , semanticId :: Maybe String
                                    , space :: { createdAt :: Number
                                               , defaultAuthority :: SpaceAuth
                                               , description :: String
                                               , displayId :: SpaceDisplayId
                                               , displayName :: String
                                               , homeUrl :: ...
                                               , membershipMethod :: MembershipMethod
                                               , published :: Boolean
                                               , spaceId :: SpaceId
                                               }
                                    , updatedAt :: Number
                                    , updaterUser :: { createdAt :: Number
                                                     , displayId :: UserDisplayId
                                                     , displayName :: String
                                                     , iconUrl :: ...
                                                     , userId :: UserId
                                                     }
                                    , usage :: FormatUsage
                                    }
                        , updateCount :: Number
                        , updatedAt :: Number
                        , updaterUser :: { createdAt :: Number
                                         , displayId :: UserDisplayId
                                         , displayName :: String
                                         , iconUrl :: Maybe String
                                         , userId :: UserId
                                         }
                        , viewCount :: Number
                        }
           }
in value declaration render

where t0 is an unknown type
      t1 is an unknown type

See https://github.com/purescript/documentation/blob/master/errors/TypesDoNotUnify.md for more information,
or to contribute content related to this error.


Compiling Incentknow.Organisms.BoxView
